<?xml version="1.0" encoding="UTF-8"?>
<testng-results ignored="0" total="1" passed="1" failed="0" skipped="0">
  <reporter-output>
  </reporter-output>
  <suite started-at="2022-07-21T09:48:39 IST" name="Default suite" finished-at="2022-07-21T09:48:45 IST" duration-ms="5699">
    <groups>
    </groups>
    <test started-at="2022-07-21T09:48:39 IST" name="Default test" finished-at="2022-07-21T09:48:45 IST" duration-ms="5699">
      <class name="testcases.TestHomepage">
        <test-method is-config="true" signature="initialise()[pri:0, instance:testcases.TestHomepage@7068e664]" started-at="2022-07-21T09:48:39 IST" name="initialise" finished-at="2022-07-21T09:48:39 IST" duration-ms="268" status="PASS">
          <reporter-output>
          </reporter-output>
        </test-method> <!-- initialise -->
        <test-method is-config="true" signature="preSetup()[pri:0, instance:testcases.TestHomepage@7068e664]" started-at="2022-07-21T09:48:39 IST" name="preSetup" finished-at="2022-07-21T09:48:39 IST" duration-ms="4" status="PASS">
          <reporter-output>
          </reporter-output>
        </test-method> <!-- preSetup -->
        <test-method is-config="true" signature="setup()[pri:0, instance:testcases.TestHomepage@7068e664]" started-at="2022-07-21T09:48:39 IST" name="setup" finished-at="2022-07-21T09:48:44 IST" duration-ms="5321" status="PASS">
          <reporter-output>
          </reporter-output>
        </test-method> <!-- setup -->
        <test-method signature="verifyHomepageText()[pri:0, instance:testcases.TestHomepage@7068e664]" started-at="2022-07-21T09:48:44 IST" name="verifyHomepageText" finished-at="2022-07-21T09:48:45 IST" duration-ms="207" status="PASS">
          <reporter-output>
          </reporter-output>
        </test-method> <!-- verifyHomepageText -->
        <test-method is-config="true" signature="cleanUp(org.testng.ITestResult)[pri:0, instance:testcases.TestHomepage@7068e664]" started-at="2022-07-21T09:48:45 IST" name="cleanUp" finished-at="2022-07-21T09:48:45 IST" duration-ms="120" status="PASS">
          <params>
            <param index="0">
              <value>
                <![CDATA[[TestResult name=verifyHomepageText status=SUCCESS method=TestHomepage.verifyHomepageText()[pri:0, instance:testcases.TestHomepage@7068e664] output={null}]]]>
              </value>
            </param>
          </params>
          <reporter-output>
          </reporter-output>
        </test-method> <!-- cleanUp -->
        <test-method is-config="true" signature="afterClass()[pri:0, instance:testcases.TestHomepage@7068e664]" started-at="2022-07-21T09:48:45 IST" name="afterClass" finished-at="2022-07-21T09:48:45 IST" duration-ms="0" status="PASS">
          <reporter-output>
          </reporter-output>
        </test-method> <!-- afterClass -->
        <test-method is-config="true" signature="cleanupAfterSuite()[pri:0, instance:testcases.TestHomepage@7068e664]" started-at="2022-07-21T09:48:45 IST" name="cleanupAfterSuite" finished-at="2022-07-21T09:48:45 IST" duration-ms="388" status="PASS">
          <reporter-output>
          </reporter-output>
        </test-method> <!-- cleanupAfterSuite -->
      </class> <!-- testcases.TestHomepage -->
    </test> <!-- Default test -->
  </suite> <!-- Default suite -->
</testng-results>
